# JRE version: Java(TM) SE Runtime Environment (8.0_45-b15) (build 1.8.0_45-b15)
# Java VM: Java HotSpot(TM) 64-Bit Server VM (25.45-b02 mixed mode windows-amd64 compressed oops)
Heap:
 PSYoungGen      total 238080K, used 194440K [0x00000000eab00000, 0x0000000100000000, 0x0000000100000000)
  eden space 156672K, 72% used [0x00000000eab00000,0x00000000f1a97998,0x00000000f4400000)
  from space 81408K, 98% used [0x00000000fb080000,0x00000000ffeca670,0x0000000100000000)
  to   space 96256K, 0% used [0x00000000f4400000,0x00000000f4400000,0x00000000fa200000)
 ParOldGen       total 308224K, used 181522K [0x00000000c0000000, 0x00000000d2d00000, 0x00000000eab00000)
  object space 308224K, 58% used [0x00000000c0000000,0x00000000cb144bc0,0x00000000d2d00000)
 Metaspace       used 6595K, capacity 7600K, committed 7808K, reserved 1056768K
  class space    used 597K, capacity 616K, committed 640K, reserved 1048576K
GC Heap History (10 events):
Event: 36.758 GC heap before
{Heap before GC invocations=18 (full 3):
 PSYoungGen      total 256512K, used 256502K [0x00000000eab00000, 0x0000000100000000, 0x0000000100000000)
  eden space 195072K, 100% used [0x00000000eab00000,0x00000000f6980000,0x00000000f6980000)
  from space 61440K, 99% used [0x00000000fb180000,0x00000000fed7da48,0x00000000fed80000)
  to   space 73728K, 0% used [0x00000000f6980000,0x00000000f6980000,0x00000000fb180000)
 ParOldGen       total 222208K, used 152774K [0x00000000c0000000, 0x00000000cd900000, 0x00000000eab00000)
  object space 222208K, 68% used [0x00000000c0000000,0x00000000c9531a48,0x00000000cd900000)
 Metaspace       used 6099K, capacity 7152K, committed 7296K, reserved 1056768K
  class space    used 574K, capacity 616K, committed 640K, reserved 1048576K
Event: 36.848 GC heap after
Heap after GC invocations=18 (full 3):
 PSYoungGen      total 268800K, used 52915K [0x00000000eab00000, 0x0000000100000000, 0x0000000100000000)
  eden space 195072K, 0% used [0x00000000eab00000,0x00000000eab00000,0x00000000f6980000)
  from space 73728K, 71% used [0x00000000f6980000,0x00000000f9d2cfc0,0x00000000fb180000)
  to   space 78336K, 0% used [0x00000000fb380000,0x00000000fb380000,0x0000000100000000)
 ParOldGen       total 222208K, used 213531K [0x00000000c0000000, 0x00000000cd900000, 0x00000000eab00000)
  object space 222208K, 96% used [0x00000000c0000000,0x00000000cd086e78,0x00000000cd900000)
 Metaspace       used 6099K, capacity 7152K, committed 7296K, reserved 1056768K
  class space    used 574K, capacity 616K, committed 640K, reserved 1048576K
}
Event: 36.848 GC heap before
{Heap before GC invocations=19 (full 4):
 PSYoungGen      total 268800K, used 52915K [0x00000000eab00000, 0x0000000100000000, 0x0000000100000000)
  eden space 195072K, 0% used [0x00000000eab00000,0x00000000eab00000,0x00000000f6980000)
  from space 73728K, 71% used [0x00000000f6980000,0x00000000f9d2cfc0,0x00000000fb180000)
  to   space 78336K, 0% used [0x00000000fb380000,0x00000000fb380000,0x0000000100000000)
 ParOldGen       total 222208K, used 213531K [0x00000000c0000000, 0x00000000cd900000, 0x00000000eab00000)
  object space 222208K, 96% used [0x00000000c0000000,0x00000000cd086e78,0x00000000cd900000)
 Metaspace       used 6099K, capacity 7152K, committed 7296K, reserved 1056768K
  class space    used 574K, capacity 616K, committed 640K, reserved 1048576K
Event: 37.433 GC heap after
Heap after GC invocations=19 (full 4):
 PSYoungGen      total 268800K, used 0K [0x00000000eab00000, 0x0000000100000000, 0x0000000100000000)
  eden space 195072K, 0% used [0x00000000eab00000,0x00000000eab00000,0x00000000f6980000)
  from space 73728K, 0% used [0x00000000f6980000,0x00000000f6980000,0x00000000fb180000)
  to   space 78336K, 0% used [0x00000000fb380000,0x00000000fb380000,0x0000000100000000)
 ParOldGen       total 308224K, used 181522K [0x00000000c0000000, 0x00000000d2d00000, 0x00000000eab00000)
  object space 308224K, 58% used [0x00000000c0000000,0x00000000cb144bc0,0x00000000d2d00000)
 Metaspace       used 6099K, capacity 7152K, committed 7296K, reserved 1056768K
  class space    used 574K, capacity 616K, committed 640K, reserved 1048576K
}
Event: 38.361 GC heap before
{Heap before GC invocations=20 (full 4):
 PSYoungGen      total 268800K, used 195072K [0x00000000eab00000, 0x0000000100000000, 0x0000000100000000)
  eden space 195072K, 100% used [0x00000000eab00000,0x00000000f6980000,0x00000000f6980000)
  from space 73728K, 0% used [0x00000000f6980000,0x00000000f6980000,0x00000000fb180000)
  to   space 78336K, 0% used [0x00000000fb380000,0x00000000fb380000,0x0000000100000000)
 ParOldGen       total 308224K, used 181522K [0x00000000c0000000, 0x00000000d2d00000, 0x00000000eab00000)
  object space 308224K, 58% used [0x00000000c0000000,0x00000000cb144bc0,0x00000000d2d00000)
 Metaspace       used 6099K, capacity 7152K, committed 7296K, reserved 1056768K
  class space    used 574K, capacity 616K, committed 640K, reserved 1048576K
Event: 38.405 GC heap after
Heap after GC invocations=20 (full 4):
 PSYoungGen      total 270848K, used 29727K [0x00000000eab00000, 0x00000000ffb80000, 0x0000000100000000)
  eden space 197120K, 0% used [0x00000000eab00000,0x00000000eab00000,0x00000000f6b80000)
  from space 73728K, 40% used [0x00000000fb380000,0x00000000fd087e68,0x00000000ffb80000)
  to   space 73728K, 0% used [0x00000000f6b80000,0x00000000f6b80000,0x00000000fb380000)
 ParOldGen       total 308224K, used 181522K [0x00000000c0000000, 0x00000000d2d00000, 0x00000000eab00000)
  object space 308224K, 58% used [0x00000000c0000000,0x00000000cb144bc0,0x00000000d2d00000)
 Metaspace       used 6099K, capacity 7152K, committed 7296K, reserved 1056768K
  class space    used 574K, capacity 616K, committed 640K, reserved 1048576K
}
Event: 38.999 GC heap before
{Heap before GC invocations=21 (full 4):
 PSYoungGen      total 270848K, used 226847K [0x00000000eab00000, 0x00000000ffb80000, 0x0000000100000000)
  eden space 197120K, 100% used [0x00000000eab00000,0x00000000f6b80000,0x00000000f6b80000)
  from space 73728K, 40% used [0x00000000fb380000,0x00000000fd087e68,0x00000000ffb80000)
  to   space 73728K, 0% used [0x00000000f6b80000,0x00000000f6b80000,0x00000000fb380000)
 ParOldGen       total 308224K, used 181522K [0x00000000c0000000, 0x00000000d2d00000, 0x00000000eab00000)
  object space 308224K, 58% used [0x00000000c0000000,0x00000000cb144bc0,0x00000000d2d00000)
 Metaspace       used 6099K, capacity 7152K, committed 7296K, reserved 1056768K
  class space    used 574K, capacity 616K, committed 640K, reserved 1048576K
Event: 39.069 GC heap after
Heap after GC invocations=21 (full 4):
 PSYoungGen      total 267776K, used 70320K [0x00000000eab00000, 0x0000000100000000, 0x0000000100000000)
  eden space 197120K, 0% used [0x00000000eab00000,0x00000000eab00000,0x00000000f6b80000)
  from space 70656K, 99% used [0x00000000f6b80000,0x00000000fb02c2d8,0x00000000fb080000)
  to   space 81408K, 0% used [0x00000000fb080000,0x00000000fb080000,0x0000000100000000)
 ParOldGen       total 308224K, used 181522K [0x00000000c0000000, 0x00000000d2d00000, 0x00000000eab00000)
  object space 308224K, 58% used [0x00000000c0000000,0x00000000cb144bc0,0x00000000d2d00000)
 Metaspace       used 6099K, capacity 7152K, committed 7296K, reserved 1056768K
  class space    used 574K, capacity 616K, committed 640K, reserved 1048576K
}
Event: 39.775 GC heap before
{Heap before GC invocations=22 (full 4):
 PSYoungGen      total 267776K, used 267440K [0x00000000eab00000, 0x0000000100000000, 0x0000000100000000)
  eden space 197120K, 100% used [0x00000000eab00000,0x00000000f6b80000,0x00000000f6b80000)
  from space 70656K, 99% used [0x00000000f6b80000,0x00000000fb02c2d8,0x00000000fb080000)
  to   space 81408K, 0% used [0x00000000fb080000,0x00000000fb080000,0x0000000100000000)
 ParOldGen       total 308224K, used 181522K [0x00000000c0000000, 0x00000000d2d00000, 0x00000000eab00000)
  object space 308224K, 58% used [0x00000000c0000000,0x00000000cb144bc0,0x00000000d2d00000)
 Metaspace       used 6099K, capacity 7152K, committed 7296K, reserved 1056768K
  class space    used 574K, capacity 616K, committed 640K, reserved 1048576K
Event: 39.854 GC heap after
Heap after GC invocations=22 (full 4):
 PSYoungGen      total 238080K, used 80169K [0x00000000eab00000, 0x0000000100000000, 0x0000000100000000)
  eden space 156672K, 0% used [0x00000000eab00000,0x00000000eab00000,0x00000000f4400000)
  from space 81408K, 98% used [0x00000000fb080000,0x00000000ffeca670,0x0000000100000000)
  to   space 96256K, 0% used [0x00000000f4400000,0x00000000f4400000,0x00000000fa200000)
 ParOldGen       total 308224K, used 181522K [0x00000000c0000000, 0x00000000d2d00000, 0x00000000eab00000)
  object space 308224K, 58% used [0x00000000c0000000,0x00000000cb144bc0,0x00000000d2d00000)
 Metaspace       used 6099K, capacity 7152K, committed 7296K, reserved 1056768K
  class space    used 574K, capacity 616K, committed 640K, reserved 1048576K
}

